<?xml version="1.0" encoding="UTF-8"?>
<testng-results skipped="0" failed="0" ignored="0" total="1" passed="1">
  <reporter-output>
  </reporter-output>
  <suite name="Default suite" duration-ms="13680" started-at="2020-02-11T22:26:00 IST" finished-at="2020-02-11T22:26:14 IST">
    <groups>
    </groups>
    <test name="Default test" duration-ms="13680" started-at="2020-02-11T22:26:00 IST" finished-at="2020-02-11T22:26:14 IST">
      <class name="ksrtc.tests.NewUserRegistration">
        <test-method status="PASS" signature="beforeMethod()[pri:0, instance:ksrtc.tests.NewUserRegistration@a7e666]" name="beforeMethod" is-config="true" duration-ms="7032" started-at="2020-02-11T22:26:00 IST" finished-at="2020-02-11T22:26:07 IST">
          <reporter-output>
          </reporter-output>
        </test-method> <!-- beforeMethod -->
        <test-method status="PASS" signature="signUp()[pri:0, instance:ksrtc.tests.NewUserRegistration@a7e666]" name="signUp" duration-ms="6581" started-at="2020-02-11T22:26:07 IST" finished-at="2020-02-11T22:26:14 IST">
          <reporter-output>
          </reporter-output>
        </test-method> <!-- signUp -->
        <test-method status="PASS" signature="afterMethod()[pri:0, instance:ksrtc.tests.NewUserRegistration@a7e666]" name="afterMethod" is-config="true" duration-ms="3" started-at="2020-02-11T22:26:14 IST" finished-at="2020-02-11T22:26:14 IST">
          <reporter-output>
          </reporter-output>
        </test-method> <!-- afterMethod -->
      </class> <!-- ksrtc.tests.NewUserRegistration -->
    </test> <!-- Default test -->
  </suite> <!-- Default suite -->
</testng-results>
